Using pre-set license
Built from '2020.3/staging' branch; Version is '2020.3.30f1 (1fb1bf06830e) revision 2077119'; Using compiler version '192528614'; Build Type 'Release'
OS: 'Windows 10  (10.0.19043) 64bit CoreSingleLanguage' Language: 'en' Physical Memory: 8023 MB
BatchMode: 1, IsHumanControllingUs: 0, StartBugReporterOnCrash: 0, Is64bit: 1, IsPro: 0

COMMAND LINE ARGUMENTS:
C:\Users\Nitro\Documents\Unity Projects\2020.3.30f1\Editor\Unity.exe
-adb2
-batchMode
-noUpm
-name
AssetImportWorker0
-projectPath
C:/Users/Nitro/Documents/BackUp/Immune vs Virus (1)
-logFile
Logs/AssetImportWorker0.log
-srvPort
58052
Successfully changed project path to: C:/Users/Nitro/Documents/BackUp/Immune vs Virus (1)
C:/Users/Nitro/Documents/BackUp/Immune vs Virus (1)
Using Asset Import Pipeline V2.
Refreshing native plugins compatible for Editor in 34.64 ms, found 2 plugins.
Preloading 0 native plugins for Editor in 0.00 ms.
Initialize engine version: 2020.3.30f1 (1fb1bf06830e)
[Subsystems] Discovering subsystems at path C:/Users/Nitro/Documents/Unity Projects/2020.3.30f1/Editor/Data/Resources/UnitySubsystems
[Subsystems] Discovering subsystems at path C:/Users/Nitro/Documents/BackUp/Immune vs Virus (1)/Assets
GfxDevice: creating device client; threaded=0
Direct3D:
    Version:  Direct3D 11.0 [level 11.1]
    Renderer: NVIDIA GeForce GTX 1650 Ti (ID=0x1f95)
    Vendor:   
    VRAM:     3962 MB
    Driver:   30.0.15.1123
Initialize mono
Mono path[0] = 'C:/Users/Nitro/Documents/Unity Projects/2020.3.30f1/Editor/Data/Managed'
Mono path[1] = 'C:/Users/Nitro/Documents/Unity Projects/2020.3.30f1/Editor/Data/MonoBleedingEdge/lib/mono/unityjit'
Mono config path = 'C:/Users/Nitro/Documents/Unity Projects/2020.3.30f1/Editor/Data/MonoBleedingEdge/etc'
Using monoOptions --debugger-agent=transport=dt_socket,embedding=1,server=y,suspend=n,address=127.0.0.1:56236
Begin MonoManager ReloadAssembly
Registering precompiled unity dll's ...
Register platform support module: C:/Users/Nitro/Documents/Unity Projects/2020.3.30f1/Editor/Data/PlaybackEngines/WindowsStandaloneSupport/UnityEditor.WindowsStandalone.Extensions.dll
Registered in 0.002563 seconds.
Native extension for WindowsStandalone target not found
Refreshing native plugins compatible for Editor in 29.79 ms, found 2 plugins.
Preloading 0 native plugins for Editor in 0.00 ms.
Mono: successfully reloaded assembly
- Completed reload, in  0.538 seconds
Domain Reload Profiling:
	ReloadAssembly (539ms)
		BeginReloadAssembly (80ms)
			ExecutionOrderSort (0ms)
			DisableScriptedObjects (0ms)
			BackupInstance (0ms)
			ReleaseScriptingObjects (0ms)
			CreateAndSetChildDomain (1ms)
		EndReloadAssembly (396ms)
			LoadAssemblies (78ms)
			RebuildTransferFunctionScriptingTraits (0ms)
			SetupTypeCache (135ms)
			ReleaseScriptCaches (0ms)
			RebuildScriptCaches (26ms)
			SetupLoadedEditorAssemblies (150ms)
				LogAssemblyErrors (0ms)
				InitializePlatformSupportModulesInManaged (4ms)
				SetLoadedEditorAssemblies (0ms)
				RefreshPlugins (30ms)
				BeforeProcessingInitializeOnLoad (14ms)
				ProcessInitializeOnLoadAttributes (75ms)
				ProcessInitializeOnLoadMethodAttributes (27ms)
				AfterProcessingInitializeOnLoad (0ms)
				EditorAssembliesLoaded (0ms)
			ExecutionOrderSort2 (0ms)
			AwakeInstancesAfterBackupRestoration (0ms)
Platform modules already initialized, skipping
Registering precompiled user dll's ...
Registered in 0.007051 seconds.
Begin MonoManager ReloadAssembly
Native extension for WindowsStandalone target not found
Refreshing native plugins compatible for Editor in 0.37 ms, found 2 plugins.
Preloading 0 native plugins for Editor in 0.00 ms.
Mono: successfully reloaded assembly
- Completed reload, in  1.334 seconds
Domain Reload Profiling:
	ReloadAssembly (1335ms)
		BeginReloadAssembly (135ms)
			ExecutionOrderSort (0ms)
			DisableScriptedObjects (4ms)
			BackupInstance (0ms)
			ReleaseScriptingObjects (0ms)
			CreateAndSetChildDomain (17ms)
		EndReloadAssembly (1144ms)
			LoadAssemblies (93ms)
			RebuildTransferFunctionScriptingTraits (0ms)
			SetupTypeCache (564ms)
			ReleaseScriptCaches (2ms)
			RebuildScriptCaches (98ms)
			SetupLoadedEditorAssemblies (295ms)
				LogAssemblyErrors (0ms)
				InitializePlatformSupportModulesInManaged (4ms)
				SetLoadedEditorAssemblies (0ms)
				RefreshPlugins (0ms)
				BeforeProcessingInitializeOnLoad (71ms)
				ProcessInitializeOnLoadAttributes (198ms)
				ProcessInitializeOnLoadMethodAttributes (12ms)
				AfterProcessingInitializeOnLoad (8ms)
				EditorAssembliesLoaded (0ms)
			ExecutionOrderSort2 (0ms)
			AwakeInstancesAfterBackupRestoration (6ms)
Platform modules already initialized, skipping
========================================================================
Worker process is ready to serve import requests
Launched and connected shader compiler UnityShaderCompiler.exe after 0.10 seconds
Refreshing native plugins compatible for Editor in 0.77 ms, found 2 plugins.
Preloading 0 native plugins for Editor in 0.00 ms.
Unloading 1666 Unused Serialized files (Serialized files now loaded: 0)
System memory in use before: 74.0 MB.
System memory in use after: 74.1 MB.

Unloading 17 unused Assets to reduce memory usage. Loaded Objects now: 2100.
Total: 4.748000 ms (FindLiveObjects: 1.104500 ms CreateObjectMapping: 0.465200 ms MarkObjects: 3.099700 ms  DeleteObjects: 0.076800 ms)

AssetImportParameters requested are different than current active one (requested -> active):
  custom:framework-win-MediaFoundation: 216162199b28c13a410421893ffa2e32 -> 
  custom:video-decoder-ogg-theora: a1e56fd34408186e4bbccfd4996cb3dc -> 
  custom:container-muxer-webm: aa71ff27fc2769a1b78a27578f13a17b -> 
  custom:container-demuxer-webm: 4f35f7cbe854078d1ac9338744f61a02 -> 
  custom:container-demuxer-ogg: 62fdf1f143b41e24485cea50d1cbac27 -> 
  custom:video-encoder-webm-vp8: eb34c28f22e8b96e1ab97ce403110664 -> 
  custom:video-decoder-webm-vp8: 9c59270c3fd7afecdb556c50c9e8de78 -> 
  custom:audio-decoder-ogg-vorbis: bf7c407c2cedff20999df2af8eb42d56 -> 
  custom:audio-encoder-webm-vorbis: bf7c407c2cedff20999df2af8eb42d56 -> 
========================================================================
Received Import Request.
  path: Assets/Audio/MainMenu_and_Map.mp3
  artifactKey: Guid(ccee50274aa258748b9c39d1ff39cebf) Importer(815301076,1909f56bfc062723c751e8b465ee728b)
Start importing Assets/Audio/MainMenu_and_Map.mp3 using Guid(ccee50274aa258748b9c39d1ff39cebf) Importer(815301076,1909f56bfc062723c751e8b465ee728b)  -> (artifact id: '98f3bccd4335850d1733937b7fa2de9e') in 0.152500 seconds 
========================================================================
Received Import Request.
  Time since last request: 0.000431 seconds.
  path: Assets/Audio/EnemyAttack.wav
  artifactKey: Guid(7bfa0fe6cb47e554abc352d06565a399) Importer(815301076,1909f56bfc062723c751e8b465ee728b)
Start importing Assets/Audio/EnemyAttack.wav using Guid(7bfa0fe6cb47e554abc352d06565a399) Importer(815301076,1909f56bfc062723c751e8b465ee728b)  -> (artifact id: '86f3073e5816cca2c7ac4050d0eb7623') in 0.025559 seconds 
========================================================================
Received Import Request.
  Time since last request: 0.000190 seconds.
  path: Assets/Audio/EnemyChase.mp3
  artifactKey: Guid(49878faab9990fe4599d7f2f5ef82797) Importer(815301076,1909f56bfc062723c751e8b465ee728b)
Start importing Assets/Audio/EnemyChase.mp3 using Guid(49878faab9990fe4599d7f2f5ef82797) Importer(815301076,1909f56bfc062723c751e8b465ee728b)  -> (artifact id: '86f6c74068b7bcbcfbd252640da1280e') in 0.033152 seconds 
========================================================================
Received Import Request.
  Time since last request: 0.000893 seconds.
  path: Assets/Audio/EnemyDamage.wav
  artifactKey: Guid(f79726ff94494ee4a98e90c3767a9f5d) Importer(815301076,1909f56bfc062723c751e8b465ee728b)
Start importing Assets/Audio/EnemyDamage.wav using Guid(f79726ff94494ee4a98e90c3767a9f5d) Importer(815301076,1909f56bfc062723c751e8b465ee728b)  -> (artifact id: '5baf5b48cd18c460ae74c2462b878970') in 0.022810 seconds 
========================================================================
Received Import Request.
  Time since last request: 0.000670 seconds.
  path: Assets/Audio/Introduction_Voice_Over_2.wav
  artifactKey: Guid(d10c34577759ea34294a26f4cbf5252b) Importer(815301076,1909f56bfc062723c751e8b465ee728b)
Start importing Assets/Audio/Introduction_Voice_Over_2.wav using Guid(d10c34577759ea34294a26f4cbf5252b) Importer(815301076,1909f56bfc062723c751e8b465ee728b)  -> (artifact id: 'd8557cfdf9b3069e124c4d47e376e14b') in 0.043143 seconds 
========================================================================
Received Import Request.
  Time since last request: 0.000295 seconds.
  path: Assets/Audio/( WAV )Introduction_Voice_Over_1.wav
  artifactKey: Guid(79c62cdd55ab5fd488f34ca0779028b7) Importer(815301076,1909f56bfc062723c751e8b465ee728b)
Start importing Assets/Audio/( WAV )Introduction_Voice_Over_1.wav using Guid(79c62cdd55ab5fd488f34ca0779028b7) Importer(815301076,1909f56bfc062723c751e8b465ee728b)  -> (artifact id: 'f505ac5bcc16d0583d6051981e53455d') in 0.035002 seconds 
========================================================================
Received Import Request.
  Time since last request: 0.000326 seconds.
  path: Assets/PhysicsMaterial/New Physics Material 2D.physicsMaterial2D
  artifactKey: Guid(a133ffd015ad1bf46880cdafe8901eff) Importer(815301076,1909f56bfc062723c751e8b465ee728b)
Start importing Assets/PhysicsMaterial/New Physics Material 2D.physicsMaterial2D using Guid(a133ffd015ad1bf46880cdafe8901eff) Importer(815301076,1909f56bfc062723c751e8b465ee728b)  -> (artifact id: '5c66ede9d98204a98450b0c902423664') in 0.017087 seconds 
========================================================================
Received Import Request.
  Time since last request: 0.000156 seconds.
  path: Assets/Audio/Introduction_Voice_Over_3.wav
  artifactKey: Guid(010080ef82ddfcb4f8e3e8ee1a748055) Importer(815301076,1909f56bfc062723c751e8b465ee728b)
Start importing Assets/Audio/Introduction_Voice_Over_3.wav using Guid(010080ef82ddfcb4f8e3e8ee1a748055) Importer(815301076,1909f56bfc062723c751e8b465ee728b)  -> (artifact id: 'a35b2dfcffc1a5acb43e5a342d3dab43') in 0.017263 seconds 
========================================================================
Received Import Request.
  Time since last request: 0.000140 seconds.
  path: Assets/Audio/PlayerJumpNew.wav
  artifactKey: Guid(b1937c6b24267e644af80e9504d01c3b) Importer(815301076,1909f56bfc062723c751e8b465ee728b)
Start importing Assets/Audio/PlayerJumpNew.wav using Guid(b1937c6b24267e644af80e9504d01c3b) Importer(815301076,1909f56bfc062723c751e8b465ee728b)  -> (artifact id: '9fa5cfcacd9358f2b9175930dfa0289e') in 0.015652 seconds 
========================================================================
Received Import Request.
  Time since last request: 0.000182 seconds.
  path: Assets/Audio/PlayerHIt.mp3
  artifactKey: Guid(97577c84989e10041849ea824cc2a236) Importer(815301076,1909f56bfc062723c751e8b465ee728b)
Start importing Assets/Audio/PlayerHIt.mp3 using Guid(97577c84989e10041849ea824cc2a236) Importer(815301076,1909f56bfc062723c751e8b465ee728b)  -> (artifact id: '1a30da6c20a66303ccf226f9cf77dcc1') in 0.014017 seconds 
========================================================================
Received Import Request.
  Time since last request: 0.000130 seconds.
  path: Assets/Audio/PlayerAtk.flac
  artifactKey: Guid(9ecd64d1967324447a84711c1435b8b4) Importer(815301076,1909f56bfc062723c751e8b465ee728b)
Start importing Assets/Audio/PlayerAtk.flac using Guid(9ecd64d1967324447a84711c1435b8b4) Importer(815301076,1909f56bfc062723c751e8b465ee728b)  -> (artifact id: '746906bad382c1ff06172d974b84aceb') in 0.019030 seconds 
========================================================================
Received Import Request.
  Time since last request: 0.000904 seconds.
  path: Assets/Audio/EnemyDeath.mp3
  artifactKey: Guid(e0b03f246f759f94b94967990a7b6f5b) Importer(815301076,1909f56bfc062723c751e8b465ee728b)
Start importing Assets/Audio/EnemyDeath.mp3 using Guid(e0b03f246f759f94b94967990a7b6f5b) Importer(815301076,1909f56bfc062723c751e8b465ee728b)  -> (artifact id: '44aac433cf7de130b83966e1d423a779') in 0.030038 seconds 
========================================================================
Received Import Request.
  Time since last request: 0.000243 seconds.
  path: Assets/Audio/LevelClear2.wav
  artifactKey: Guid(bd4418fdba6f9ba4f8d1433340b1c419) Importer(815301076,1909f56bfc062723c751e8b465ee728b)
Start importing Assets/Audio/LevelClear2.wav using Guid(bd4418fdba6f9ba4f8d1433340b1c419) Importer(815301076,1909f56bfc062723c751e8b465ee728b)  -> (artifact id: 'b13a0c1d9a5986c50149dcded6a970a6') in 0.015539 seconds 
========================================================================
Received Import Request.
  Time since last request: 541.588993 seconds.
  path: Assets/Scenes/MapScene.unity
  artifactKey: Guid(d924e07e140bc5c438d86778a6a24145) Importer(815301076,1909f56bfc062723c751e8b465ee728b)
Start importing Assets/Scenes/MapScene.unity using Guid(d924e07e140bc5c438d86778a6a24145) Importer(815301076,1909f56bfc062723c751e8b465ee728b)  -> (artifact id: 'aab45d6227a6843bc3156a17b7901c39') in 0.010807 seconds 
AssetImportWorkerClient::OnTransportError - code=2 error=End of file
